<?xml version="1.0" encoding="UTF-8"?>
<!-- Generated by org.testng.reporters.JUnitReportReporter -->
<testsuite hostname="DESKTOP-GBFC17Q" failures="0" tests="1" name="driverFactory.AppTest" time="79.450" errors="0" timestamp="2023-12-16T14:29:12 IST" skipped="0">
  <testcase classname="driverFactory.AppTest" name="kickStart" time="79.450">
    <system-out>
      <![CDATA[Electronics      Electronics
Stock-000000433        Stock-000000400
Supplier-00000000496        Supplier-00000000496]]>
    </system-out>
  </testcase> <!-- kickStart -->
  <system-out>
    <![CDATA[Electronics      Electronics
Stock-000000433        Stock-000000400
Supplier-00000000496        Supplier-00000000496]]>
  </system-out>
</testsuite> <!-- driverFactory.AppTest -->
